<?xml version="1.0" encoding="UTF-8"?>
<robot generator="Robot 3.2.2 (Python 3.7.0 on win32)" generated="20210114 17:18:41.196" rpa="false">
<suite id="s1" name="positiveTest" source="C:\Warung Pintar\waresix-test\Main\testobjects\positiveTest.robot">
<kw name="Run Keywords" library="BuiltIn" type="setup">
<doc>Executes all the given keywords in a sequence.</doc>
<arguments>
<arg>Generate Random Name</arg>
<arg>AND</arg>
<arg>Generate Random Age</arg>
<arg>AND</arg>
<arg>Generate Random Passport</arg>
</arguments>
<kw name="Generate Random Name" library="generateFakeAccount">
<kw name="Name" library="FakerLibrary">
<doc>:example 'John Doe'</doc>
<assign>
<var>${fullname}</var>
</assign>
<msg timestamp="20210114 17:18:42.749" level="INFO">${fullname} = Michael Reyes</msg>
<status status="PASS" starttime="20210114 17:18:42.748" endtime="20210114 17:18:42.749"></status>
</kw>
<kw name="Set Global Variable" library="BuiltIn">
<doc>Makes a variable available globally in all tests and suites.</doc>
<arguments>
<arg>${fullname}</arg>
</arguments>
<msg timestamp="20210114 17:18:42.750" level="INFO">${fullname} = Michael Reyes</msg>
<status status="PASS" starttime="20210114 17:18:42.749" endtime="20210114 17:18:42.750"></status>
</kw>
<status status="PASS" starttime="20210114 17:18:42.748" endtime="20210114 17:18:42.750"></status>
</kw>
<kw name="Generate Random Age" library="generateFakeAccount">
<kw name="Random Number" library="FakerLibrary">
<doc>Generate a random integer according to the following rules:</doc>
<arguments>
<arg>digits=2</arg>
</arguments>
<assign>
<var>${custom_age}</var>
</assign>
<msg timestamp="20210114 17:18:42.751" level="INFO">${custom_age} = 39</msg>
<status status="PASS" starttime="20210114 17:18:42.750" endtime="20210114 17:18:42.751"></status>
</kw>
<kw name="Set Global Variable" library="BuiltIn">
<doc>Makes a variable available globally in all tests and suites.</doc>
<arguments>
<arg>${custom_age}</arg>
</arguments>
<msg timestamp="20210114 17:18:42.751" level="INFO">${custom_age} = 39</msg>
<status status="PASS" starttime="20210114 17:18:42.751" endtime="20210114 17:18:42.751"></status>
</kw>
<status status="PASS" starttime="20210114 17:18:42.750" endtime="20210114 17:18:42.752"></status>
</kw>
<kw name="Generate Random Passport" library="generateFakeAccount">
<kw name="Random Uppercase Letter" library="FakerLibrary">
<doc>Generate a random uppercase ASCII letter (A-Z).</doc>
<assign>
<var>${custom_letter}</var>
</assign>
<msg timestamp="20210114 17:18:42.752" level="INFO">${custom_letter} = E</msg>
<status status="PASS" starttime="20210114 17:18:42.752" endtime="20210114 17:18:42.752"></status>
</kw>
<kw name="Random Number" library="FakerLibrary">
<doc>Generate a random integer according to the following rules:</doc>
<arguments>
<arg>digits=6</arg>
</arguments>
<assign>
<var>${custom_number}</var>
</assign>
<msg timestamp="20210114 17:18:42.753" level="INFO">${custom_number} = 397756</msg>
<status status="PASS" starttime="20210114 17:18:42.753" endtime="20210114 17:18:42.753"></status>
</kw>
<kw name="Set Variable" library="BuiltIn">
<doc>Returns the given values which can then be assigned to a variables.</doc>
<arguments>
<arg>${custom_letter}${custom_number}</arg>
</arguments>
<assign>
<var>${custom_passport}</var>
</assign>
<msg timestamp="20210114 17:18:42.754" level="INFO">${custom_passport} = E397756</msg>
<status status="PASS" starttime="20210114 17:18:42.754" endtime="20210114 17:18:42.754"></status>
</kw>
<kw name="Set Global Variable" library="BuiltIn">
<doc>Makes a variable available globally in all tests and suites.</doc>
<arguments>
<arg>${custom_passport}</arg>
</arguments>
<msg timestamp="20210114 17:18:42.755" level="INFO">${custom_passport} = E397756</msg>
<status status="PASS" starttime="20210114 17:18:42.754" endtime="20210114 17:18:42.755"></status>
</kw>
<status status="PASS" starttime="20210114 17:18:42.752" endtime="20210114 17:18:42.755"></status>
</kw>
<status status="PASS" starttime="20210114 17:18:42.746" endtime="20210114 17:18:42.755"></status>
</kw>
<test id="s1-t1" name="User Able to Book One Way Flight">
<kw name="Open Browser Applications" library="resources" type="setup">
<arguments>
<arg>${base_url}</arg>
</arguments>
<kw name="Evaluate" library="BuiltIn">
<doc>Evaluates the given expression in Python and returns the result.</doc>
<arguments>
<arg>sys.modules['selenium.webdriver'].ChromeOptions()</arg>
<arg>sys, selenium.webdriver</arg>
</arguments>
<assign>
<var>${chrome_options}</var>
</assign>
<msg timestamp="20210114 17:18:42.758" level="INFO">${chrome_options} = &lt;selenium.webdriver.chrome.options.Options object at 0x0D010850&gt;</msg>
<status status="PASS" starttime="20210114 17:18:42.758" endtime="20210114 17:18:42.758"></status>
</kw>
<kw name="Call Method" library="BuiltIn">
<doc>Calls the named method of the given object with the provided arguments.</doc>
<arguments>
<arg>${chrome_options}</arg>
<arg>add_argument</arg>
<arg>--disable-extensions</arg>
</arguments>
<status status="PASS" starttime="20210114 17:18:42.758" endtime="20210114 17:18:42.759"></status>
</kw>
<kw name="Call Method" library="BuiltIn">
<doc>Calls the named method of the given object with the provided arguments.</doc>
<arguments>
<arg>${chrome_options}</arg>
<arg>add_argument</arg>
<arg>--disable-gpu</arg>
</arguments>
<status status="PASS" starttime="20210114 17:18:42.759" endtime="20210114 17:18:42.759"></status>
</kw>
<kw name="Call Method" library="BuiltIn">
<doc>Calls the named method of the given object with the provided arguments.</doc>
<arguments>
<arg>${chrome_options}</arg>
<arg>add_argument</arg>
<arg>--no-sandbox</arg>
</arguments>
<status status="PASS" starttime="20210114 17:18:42.759" endtime="20210114 17:18:42.759"></status>
</kw>
<kw name="Call Method" library="BuiltIn">
<doc>Calls the named method of the given object with the provided arguments.</doc>
<arguments>
<arg>${chrome_options}</arg>
<arg>add_argument</arg>
<arg>--enable-precise-memory-info</arg>
</arguments>
<status status="PASS" starttime="20210114 17:18:42.760" endtime="20210114 17:18:42.760"></status>
</kw>
<kw name="Call Method" library="BuiltIn">
<doc>Calls the named method of the given object with the provided arguments.</doc>
<arguments>
<arg>${chrome_options}</arg>
<arg>add_argument</arg>
<arg>--disable-default-apps</arg>
</arguments>
<status status="PASS" starttime="20210114 17:18:42.760" endtime="20210114 17:18:42.761"></status>
</kw>
<kw name="Call Method" library="BuiltIn">
<doc>Calls the named method of the given object with the provided arguments.</doc>
<arguments>
<arg>${chrome_options}</arg>
<arg>to_capabilities</arg>
</arguments>
<assign>
<var>${caps}</var>
</assign>
<msg timestamp="20210114 17:18:42.761" level="INFO">${caps} = {'browserName': 'chrome', 'version': '', 'platform': 'ANY', 'goog:chromeOptions': {'extensions': [], 'args': ['--disable-extensions', '--disable-gpu', '--no-sandbox', '--enable-precise-memory-info', '...</msg>
<status status="PASS" starttime="20210114 17:18:42.761" endtime="20210114 17:18:42.761"></status>
</kw>
<kw name="Run Keyword If" library="BuiltIn">
<doc>Runs the given keyword with the given arguments, if ``condition`` is true.</doc>
<arguments>
<arg>'${ENV}'=='headless'</arg>
<arg>Start Virtual Display</arg>
<arg>1920</arg>
<arg>1080</arg>
</arguments>
<status status="PASS" starttime="20210114 17:18:42.761" endtime="20210114 17:18:42.762"></status>
</kw>
<kw name="Open Browser" library="Selenium2Library">
<doc>Opens a new browser instance to the optional ``url``.</doc>
<arguments>
<arg>${url}</arg>
<arg>Chrome</arg>
<arg>desired_capabilities=${caps}</arg>
</arguments>
<msg timestamp="20210114 17:18:42.762" level="INFO">Opening browser 'Chrome' to base url 'https://www.phptravels.net/'.</msg>
<status status="PASS" starttime="20210114 17:18:42.762" endtime="20210114 17:18:50.613"></status>
</kw>
<kw name="Set Window Size" library="Selenium2Library">
<doc>Sets current windows size to given ``width`` and ``height``.</doc>
<arguments>
<arg>1920</arg>
<arg>1080</arg>
</arguments>
<status status="PASS" starttime="20210114 17:18:50.613" endtime="20210114 17:18:51.764"></status>
</kw>
<status status="PASS" starttime="20210114 17:18:42.757" endtime="20210114 17:18:51.764"></status>
</kw>
<kw name="Given Login With Existing Users" library="loginModule">
<kw name="Home Button and My Account Menu Is Appear" library="homePage">
<kw name="Wait Until Element Is Visible" library="Selenium2Library">
<doc>Waits until the element ``locator`` is visible.</doc>
<arguments>
<arg>${HOME_LINK_MENU}</arg>
</arguments>
<status status="PASS" starttime="20210114 17:18:51.767" endtime="20210114 17:18:52.034"></status>
</kw>
<kw name="Wait Until Element Is Visible" library="Selenium2Library">
<doc>Waits until the element ``locator`` is visible.</doc>
<arguments>
<arg>${MY_ACCOUNT}</arg>
</arguments>
<status status="PASS" starttime="20210114 17:18:52.035" endtime="20210114 17:18:52.153"></status>
</kw>
<status status="PASS" starttime="20210114 17:18:51.766" endtime="20210114 17:18:52.153"></status>
</kw>
<kw name="Click My Account" library="homePage">
<kw name="Click Element" library="Selenium2Library">
<doc>Click the element identified by ``locator``.</doc>
<arguments>
<arg>${MY_ACCOUNT}</arg>
</arguments>
<msg timestamp="20210114 17:18:52.156" level="INFO">Clicking element 'xpath=(.//*[@id="dropdownCurrency"])[2]'.</msg>
<status status="PASS" starttime="20210114 17:18:52.155" endtime="20210114 17:18:52.358"></status>
</kw>
<status status="PASS" starttime="20210114 17:18:52.154" endtime="20210114 17:18:52.358"></status>
</kw>
<kw name="Click Login Link Menu" library="homePage">
<kw name="Wait Until Element Is Visible" library="Selenium2Library">
<doc>Waits until the element ``locator`` is visible.</doc>
<arguments>
<arg>${LOGIN_LINK_MENU}</arg>
</arguments>
<status status="PASS" starttime="20210114 17:18:52.360" endtime="20210114 17:18:52.422"></status>
</kw>
<kw name="Click Element" library="Selenium2Library">
<doc>Click the element identified by ``locator``.</doc>
<arguments>
<arg>${LOGIN_LINK_MENU}</arg>
</arguments>
<msg timestamp="20210114 17:18:52.424" level="INFO">Clicking element 'xpath=//*[@href="https://www.phptravels.net/login"]'.</msg>
<status status="PASS" starttime="20210114 17:18:52.422" endtime="20210114 17:18:54.297"></status>
</kw>
<status status="PASS" starttime="20210114 17:18:52.359" endtime="20210114 17:18:54.297"></status>
</kw>
<kw name="Input Email" library="loginPage">
<arguments>
<arg>${email}</arg>
</arguments>
<kw name="Input Text" library="Selenium2Library">
<doc>Types the given ``text`` into the text field identified by ``locator``.</doc>
<arguments>
<arg>${EMAIL_INPUT}</arg>
<arg>${email}</arg>
</arguments>
<msg timestamp="20210114 17:18:54.300" level="INFO">Typing text 'user@phptravels.com' into text field 'name=username'.</msg>
<status status="PASS" starttime="20210114 17:18:54.299" endtime="20210114 17:18:54.480"></status>
</kw>
<status status="PASS" starttime="20210114 17:18:54.298" endtime="20210114 17:18:54.481"></status>
</kw>
<kw name="Input Password" library="loginPage">
<arguments>
<arg>${password}</arg>
</arguments>
<kw name="Input Text" library="Selenium2Library">
<doc>Types the given ``text`` into the text field identified by ``locator``.</doc>
<arguments>
<arg>${PASSWORD_INPUT}</arg>
<arg>${password}</arg>
</arguments>
<msg timestamp="20210114 17:18:54.483" level="INFO">Typing text 'demouser' into text field 'name=password'.</msg>
<status status="PASS" starttime="20210114 17:18:54.482" endtime="20210114 17:18:54.668"></status>
</kw>
<status status="PASS" starttime="20210114 17:18:54.481" endtime="20210114 17:18:54.669"></status>
</kw>
<kw name="Click Login" library="loginPage">
<kw name="Click Element" library="Selenium2Library">
<doc>Click the element identified by ``locator``.</doc>
<arguments>
<arg>${LOGIN_BUTTON}</arg>
</arguments>
<msg timestamp="20210114 17:18:54.671" level="INFO">Clicking element 'xpath=//button[contains(text(),"Login")]'.</msg>
<status status="PASS" starttime="20210114 17:18:54.670" endtime="20210114 17:18:54.763"></status>
</kw>
<status status="PASS" starttime="20210114 17:18:54.669" endtime="20210114 17:18:54.764"></status>
</kw>
<kw name="Verify User Already Logged" library="loginPage">
<kw name="Wait Until Element Is Visible" library="Selenium2Library">
<doc>Waits until the element ``locator`` is visible.</doc>
<arguments>
<arg>${VERIFY_LOGIN}</arg>
</arguments>
<status status="PASS" starttime="20210114 17:18:54.765" endtime="20210114 17:18:56.815"></status>
</kw>
<status status="PASS" starttime="20210114 17:18:54.764" endtime="20210114 17:18:56.815"></status>
</kw>
<status status="PASS" starttime="20210114 17:18:51.765" endtime="20210114 17:18:56.816"></status>
</kw>
<kw name="Click Home Link Menu" library="accountProfilePage">
<kw name="Wait Until Element Is Visible" library="Selenium2Library">
<doc>Waits until the element ``locator`` is visible.</doc>
<arguments>
<arg>${HOME_LINK_MENU}</arg>
</arguments>
<status status="PASS" starttime="20210114 17:18:56.818" endtime="20210114 17:18:56.837"></status>
</kw>
<kw name="Click Element" library="Selenium2Library">
<doc>Click the element identified by ``locator``.</doc>
<arguments>
<arg>${HOME_LINK_MENU}</arg>
</arguments>
<msg timestamp="20210114 17:18:56.838" level="INFO">Clicking element 'xpath=//a[contains(text(),"Home")]'.</msg>
<status status="PASS" starttime="20210114 17:18:56.837" endtime="20210114 17:19:00.730"></status>
</kw>
<status status="PASS" starttime="20210114 17:18:56.817" endtime="20210114 17:19:00.730"></status>
</kw>
<kw name="Click Flight Menu" library="homePage">
<kw name="Wait Until Element Is Visible" library="Selenium2Library">
<doc>Waits until the element ``locator`` is visible.</doc>
<arguments>
<arg>${FLIGHTS_BUTTON}</arg>
</arguments>
<status status="PASS" starttime="20210114 17:19:00.732" endtime="20210114 17:19:00.758"></status>
</kw>
<kw name="Click Element" library="Selenium2Library">
<doc>Click the element identified by ``locator``.</doc>
<arguments>
<arg>${FLIGHTS_BUTTON}</arg>
</arguments>
<msg timestamp="20210114 17:19:00.759" level="INFO">Clicking element 'xpath=//a[@data-name="flights"]'.</msg>
<status status="PASS" starttime="20210114 17:19:00.758" endtime="20210114 17:19:00.866"></status>
</kw>
<status status="PASS" starttime="20210114 17:19:00.731" endtime="20210114 17:19:00.867"></status>
</kw>
<kw name="Click Business Class Option" library="homePage">
<kw name="Click Element" library="Selenium2Library">
<doc>Click the element identified by ``locator``.</doc>
<arguments>
<arg>${FLIGHT_CLASS_DROP_DOWN}</arg>
</arguments>
<msg timestamp="20210114 17:19:00.869" level="INFO">Clicking element 'xpath=(.//*[@class="chosen-single"]//div)[1]'.</msg>
<status status="PASS" starttime="20210114 17:19:00.868" endtime="20210114 17:19:01.110"></status>
</kw>
<kw name="Wait Until Element Is Visible" library="Selenium2Library">
<doc>Waits until the element ``locator`` is visible.</doc>
<arguments>
<arg>${BUSINESS_CLASS_OPTION}</arg>
</arguments>
<status status="PASS" starttime="20210114 17:19:01.111" endtime="20210114 17:19:01.182"></status>
</kw>
<kw name="Click Element" library="Selenium2Library">
<doc>Click the element identified by ``locator``.</doc>
<arguments>
<arg>${BUSINESS_CLASS_OPTION}</arg>
</arguments>
<msg timestamp="20210114 17:19:01.183" level="INFO">Clicking element 'xpath=//li[contains(text(),"Business")]'.</msg>
<status status="PASS" starttime="20210114 17:19:01.182" endtime="20210114 17:19:01.297"></status>
</kw>
<status status="PASS" starttime="20210114 17:19:00.868" endtime="20210114 17:19:01.297"></status>
</kw>
<kw name="Input Origin Field" library="homePage">
<arguments>
<arg>${origin}</arg>
</arguments>
<kw name="Set Selenium Speed" library="Selenium2Library">
<doc>Sets the delay that is waited after each Selenium command.</doc>
<arguments>
<arg>0.5</arg>
</arguments>
<status status="PASS" starttime="20210114 17:19:01.300" endtime="20210114 17:19:01.300"></status>
</kw>
<kw name="Input Text" library="Selenium2Library">
<doc>Types the given ``text`` into the text field identified by ``locator``.</doc>
<arguments>
<arg>${ORIGIN_INPUT}</arg>
<arg>${origin}</arg>
</arguments>
<msg timestamp="20210114 17:19:01.302" level="INFO">Typing text 'LAX' into text field 'id=s2id_autogen9'.</msg>
<status status="PASS" starttime="20210114 17:19:01.301" endtime="20210114 17:19:02.939"></status>
</kw>
<kw name="Click Element" library="Selenium2Library">
<doc>Click the element identified by ``locator``.</doc>
<arguments>
<arg>${ORIGIN_VALUE}</arg>
</arguments>
<msg timestamp="20210114 17:19:02.940" level="INFO">Clicking element 'xpath=//div[@class="select2-result-label"][contains(.,"LAX")]'.</msg>
<kw name="Screenshot Failed Tests" library="resources">
<kw name="Capture Page Screenshot" library="Selenium2Library">
<doc>Takes a screenshot of the current page and embeds it into a log file.</doc>
<arguments>
<arg>filename=${TEST NAME}.png</arg>
</arguments>
<msg timestamp="20210114 17:19:04.451" level="INFO" html="yes">&lt;/td&gt;&lt;/tr&gt;&lt;tr&gt;&lt;td colspan="3"&gt;&lt;a href="User%20Able%20to%20Book%20One%20Way%20Flight.png"&gt;&lt;img src="User%20Able%20to%20Book%20One%20Way%20Flight.png" width="800px"&gt;&lt;/a&gt;</msg>
<status status="PASS" starttime="20210114 17:19:03.453" endtime="20210114 17:19:04.451"></status>
</kw>
<status status="PASS" starttime="20210114 17:19:03.452" endtime="20210114 17:19:04.451"></status>
</kw>
<msg timestamp="20210114 17:19:04.467" level="FAIL">Element with locator 'xpath=//div[@class="select2-result-label"][contains(.,"LAX")]' not found.</msg>
<status status="FAIL" starttime="20210114 17:19:02.939" endtime="20210114 17:19:04.467"></status>
</kw>
<status status="FAIL" starttime="20210114 17:19:01.298" endtime="20210114 17:19:04.467"></status>
</kw>
<kw name="Close Browser Applications" library="resources" type="teardown">
<kw name="Run Keyword And Ignore Error" library="BuiltIn">
<doc>Runs the given keyword with the given arguments and ignores possible error.</doc>
<arguments>
<arg>Update Sauce Test Status</arg>
</arguments>
<kw name="Update Sauce Test Status">
<msg timestamp="20210114 17:19:04.482" level="FAIL">No keyword with name 'Update Sauce Test Status' found.</msg>
<status status="FAIL" starttime="20210114 17:19:04.481" endtime="20210114 17:19:04.482"></status>
</kw>
<status status="PASS" starttime="20210114 17:19:04.469" endtime="20210114 17:19:04.482"></status>
</kw>
<kw name="Close Browser" library="Selenium2Library">
<doc>Closes the current browser.</doc>
<status status="PASS" starttime="20210114 17:19:04.482" endtime="20210114 17:19:07.095"></status>
</kw>
<status status="PASS" starttime="20210114 17:19:04.468" endtime="20210114 17:19:07.095"></status>
</kw>
<doc>This test for booking a one way flight ticket.</doc>
<tags>
<tag>waresix test</tag>
</tags>
<status status="FAIL" starttime="20210114 17:18:42.755" endtime="20210114 17:19:07.095" critical="yes">Element with locator 'xpath=//div[@class="select2-result-label"][contains(.,"LAX")]' not found.</status>
</test>
<status status="FAIL" starttime="20210114 17:18:41.199" endtime="20210114 17:19:07.097"></status>
</suite>
<statistics>
<total>
<stat pass="0" fail="1">Critical Tests</stat>
<stat pass="0" fail="1">All Tests</stat>
</total>
<tag>
<stat pass="0" fail="1">waresix test</stat>
</tag>
<suite>
<stat pass="0" fail="1" id="s1" name="positiveTest">positiveTest</stat>
</suite>
</statistics>
<errors>
<msg timestamp="20210114 17:18:42.709" level="ERROR">Error in file 'C:\Warung Pintar\waresix-test\Main\pageobjects\loginPage.robot' on line 2: Resource file '..\..\resources\importer.robot' does not exist.</msg>
<msg timestamp="20210114 17:18:42.718" level="ERROR">Error in file 'C:\Warung Pintar\waresix-test\Main\pageobjects\flightBookingPage.robot' on line 2: Resource file '..\..\resources\importer.robot' does not exist.</msg>
</errors>
</robot>
